<?xml version="1.0" encoding="UTF-8"?>
<testng-results ignored="0" total="2" passed="2" failed="0" skipped="0">
  <reporter-output>
  </reporter-output>
  <suite started-at="2025-08-29T21:15:39 IST" name="Default suite" finished-at="2025-08-29T21:15:39 IST" duration-ms="64">
    <groups>
    </groups>
    <test started-at="2025-08-29T21:15:39 IST" name="Default test" finished-at="2025-08-29T21:15:39 IST" duration-ms="64">
      <class name="TestNGPractice.TestNGAnnotations">
        <test-method is-config="true" signature="beforeSuite()[pri:0, instance:TestNGPractice.TestNGAnnotations@3e694b3f]" started-at="2025-08-29T21:15:39 IST" name="beforeSuite" finished-at="2025-08-29T21:15:39 IST" duration-ms="10" status="PASS">
          <reporter-output>
          </reporter-output>
        </test-method> <!-- beforeSuite -->
        <test-method is-config="true" signature="beforeTest()[pri:0, instance:TestNGPractice.TestNGAnnotations@3e694b3f]" started-at="2025-08-29T21:15:39 IST" name="beforeTest" finished-at="2025-08-29T21:15:39 IST" duration-ms="0" status="PASS">
          <reporter-output>
          </reporter-output>
        </test-method> <!-- beforeTest -->
        <test-method is-config="true" signature="beforeClass()[pri:0, instance:TestNGPractice.TestNGAnnotations@3e694b3f]" started-at="2025-08-29T21:15:39 IST" name="beforeClass" finished-at="2025-08-29T21:15:39 IST" duration-ms="1" status="PASS">
          <reporter-output>
          </reporter-output>
        </test-method> <!-- beforeClass -->
        <test-method is-config="true" signature="beforeMethod()[pri:0, instance:TestNGPractice.TestNGAnnotations@3e694b3f]" started-at="2025-08-29T21:15:39 IST" name="beforeMethod" finished-at="2025-08-29T21:15:39 IST" duration-ms="1" status="PASS">
          <reporter-output>
          </reporter-output>
        </test-method> <!-- beforeMethod -->
        <test-method signature="testMethod()[pri:0, instance:TestNGPractice.TestNGAnnotations@3e694b3f]" started-at="2025-08-29T21:15:39 IST" name="testMethod" finished-at="2025-08-29T21:15:39 IST" duration-ms="8" status="PASS">
          <reporter-output>
          </reporter-output>
        </test-method> <!-- testMethod -->
        <test-method is-config="true" signature="AfterMethod()[pri:0, instance:TestNGPractice.TestNGAnnotations@3e694b3f]" started-at="2025-08-29T21:15:39 IST" name="AfterMethod" finished-at="2025-08-29T21:15:39 IST" duration-ms="1" status="PASS">
          <reporter-output>
          </reporter-output>
        </test-method> <!-- AfterMethod -->
        <test-method signature="testMethod1()[pri:0, instance:TestNGPractice.TestNGAnnotations@3e694b3f]" started-at="2025-08-29T21:15:39 IST" name="testMethod1" finished-at="2025-08-29T21:15:39 IST" duration-ms="2" status="PASS">
          <reporter-output>
          </reporter-output>
        </test-method> <!-- testMethod1 -->
        <test-method is-config="true" signature="beforeMethod()[pri:0, instance:TestNGPractice.TestNGAnnotations@3e694b3f]" started-at="2025-08-29T21:15:39 IST" name="beforeMethod" finished-at="2025-08-29T21:15:39 IST" duration-ms="0" status="PASS">
          <reporter-output>
          </reporter-output>
        </test-method> <!-- beforeMethod -->
        <test-method is-config="true" signature="AfterMethod()[pri:0, instance:TestNGPractice.TestNGAnnotations@3e694b3f]" started-at="2025-08-29T21:15:39 IST" name="AfterMethod" finished-at="2025-08-29T21:15:39 IST" duration-ms="0" status="PASS">
          <reporter-output>
          </reporter-output>
        </test-method> <!-- AfterMethod -->
        <test-method is-config="true" signature="afterClass()[pri:0, instance:TestNGPractice.TestNGAnnotations@3e694b3f]" started-at="2025-08-29T21:15:39 IST" name="afterClass" finished-at="2025-08-29T21:15:39 IST" duration-ms="1" status="PASS">
          <reporter-output>
          </reporter-output>
        </test-method> <!-- afterClass -->
        <test-method is-config="true" signature="aftertest()[pri:0, instance:TestNGPractice.TestNGAnnotations@3e694b3f]" started-at="2025-08-29T21:15:39 IST" name="aftertest" finished-at="2025-08-29T21:15:39 IST" duration-ms="1" status="PASS">
          <reporter-output>
          </reporter-output>
        </test-method> <!-- aftertest -->
        <test-method is-config="true" signature="afterSuite()[pri:0, instance:TestNGPractice.TestNGAnnotations@3e694b3f]" started-at="2025-08-29T21:15:39 IST" name="afterSuite" finished-at="2025-08-29T21:15:39 IST" duration-ms="0" status="PASS">
          <reporter-output>
          </reporter-output>
        </test-method> <!-- afterSuite -->
      </class> <!-- TestNGPractice.TestNGAnnotations -->
    </test> <!-- Default test -->
  </suite> <!-- Default suite -->
</testng-results>
